2015-05-31 01:55:15 INFO  Main:10 - Start Main class
2015-05-31 01:55:36 INFO  Main:10 - Start Main class
2015-05-31 01:56:23 INFO  Main:10 - Start Main class
2015-05-31 01:57:07 INFO  Main:10 - Start Main class
2015-05-31 01:57:59 INFO  Main:10 - Start Main class
2015-05-31 01:58:11 INFO  Main:10 - Start Main class
2015-05-31 01:58:45 INFO  Main:10 - Start Main class
2015-05-31 02:06:18 INFO  Main:10 - Start Main class
2015-05-31 02:08:50 INFO  Main:10 - Start Main class
2015-05-31 02:13:37 INFO  Main:10 - Start Main class
2015-05-31 02:14:20 INFO  Main:10 - Start Main class
2015-05-31 02:23:42 INFO  Main:10 - Start Main class
2015-05-31 02:23:58 INFO  Main:10 - Start Main class
2015-05-31 02:24:26 INFO  Main:10 - Start Main class
2015-05-31 02:24:43 INFO  Main:10 - Start Main class
2015-05-31 02:24:53 INFO  Main:10 - Start Main class
2015-05-31 02:27:43 INFO  Main:10 - Start Main class
2015-05-31 02:27:44 INFO  Main:23 - Create main menu of game
2015-05-31 02:27:44 INFO  Main:19 - Create panel with background "img/snake-300x288.jpg"
2015-05-31 02:32:23 INFO  Main:11 - Start Main class
2015-05-31 02:32:23 INFO  Main:24 - Create main menu of game
2015-05-31 02:32:23 INFO  Main:20 - Create panel with background "img/snake-300x288.jpg"
2015-05-31 02:33:04 INFO  Main:11 - Start Main class
2015-05-31 02:33:05 INFO  Main:24 - Create main menu of game
2015-05-31 02:33:05 INFO  Main:20 - Create panel with background "img/snake-300x288.jpg"
2015-05-31 02:33:29 INFO  Main:11 - Start Main class
2015-05-31 02:33:29 INFO  Main:24 - Create main menu of game
2015-05-31 02:33:29 INFO  Main:20 - Create panel with background "img/snake-300x288.jpg"
2015-05-31 02:33:41 INFO  Main:11 - Start Main class
2015-05-31 02:33:42 INFO  Main:24 - Create main menu of game
2015-05-31 02:33:42 INFO  Main:20 - Create panel with background "img/snake-300x288.jpg"
2015-05-31 02:33:48 INFO  Main:11 - Start Main class
2015-05-31 02:33:49 INFO  Main:24 - Create main menu of game
2015-05-31 02:33:49 INFO  Main:20 - Create panel with background "img/snake-300x288.jpg"
2015-05-31 02:34:06 INFO  Main:11 - Start Main class
2015-05-31 02:34:06 INFO  Main:24 - Create main menu of game
2015-05-31 02:34:06 INFO  Main:20 - Create panel with background "img/snake-300x288.jpg"
2015-05-31 02:34:28 INFO  Main:11 - Start Main class
2015-05-31 02:34:28 INFO  Main:24 - Create main menu of game
2015-05-31 02:34:28 INFO  Main:20 - Create panel with background "img/snake-300x288.jpg"
2015-05-31 03:30:13 INFO  Main:11 - Start Main class
2015-05-31 03:30:14 INFO  Main:24 - Create main menu of game
2015-05-31 03:30:14 INFO  Main:20 - Create panel with background "img/snake-300x288.jpg"
2015-05-31 03:30:48 INFO  Main:11 - Start Main class
2015-05-31 03:30:48 INFO  Main:24 - Create main menu of game
2015-05-31 03:30:48 INFO  Main:20 - Create panel with background "img/snake-300x288.jpg"
2015-05-31 03:31:09 INFO  Main:11 - Start Main class
2015-05-31 03:31:10 INFO  Main:24 - Create main menu of game
2015-05-31 03:31:10 INFO  Main:20 - Create panel with background "img/snake-300x288.jpg"
2015-06-01 20:45:23 INFO  Main:11 - Start Main class
2015-06-01 20:45:24 INFO  Main:24 - Create main menu of game
2015-06-01 20:45:24 INFO  Main:20 - Create panel with background "img/snake-300x288.jpg"
2015-06-01 21:16:52 INFO  Main:12 - Start Main class
2015-06-01 21:18:21 INFO  Main:12 - Start Main class
2015-06-01 21:18:36 INFO  Main:11 - Start Main class
2015-06-01 21:19:46 INFO  Main:11 - Start Main class
2015-06-01 21:20:00 INFO  Main:11 - Start Main class
2015-06-01 21:29:43 INFO  Main:11 - Start Main class
2015-06-01 21:30:29 INFO  Main:11 - Start Main class
2015-06-01 21:30:57 INFO  Main:11 - Start Main class
2015-06-01 21:31:39 INFO  Main:11 - Start Main class
2015-06-01 21:31:47 INFO  Main:11 - Start Main class
2015-06-01 21:32:31 INFO  Main:11 - Start Main class
2015-06-01 21:32:51 INFO  Main:11 - Start Main class
2015-06-01 21:33:37 INFO  Main:11 - Start Main class
2015-06-01 21:34:28 INFO  Main:11 - Start Main class
2015-06-01 21:37:07 INFO  Main:11 - Start Main class
2015-06-01 21:37:43 INFO  Main:11 - Start Main class
2015-06-01 21:38:38 INFO  Main:13 - Start Main class
2015-06-01 21:39:05 INFO  Main:11 - Start Main class
2015-06-01 21:39:38 INFO  Main:11 - Start Main class
2015-06-01 21:42:37 INFO  Main:11 - Start Main class
2015-06-01 21:46:03 INFO  Main:11 - Start Main class
2015-06-01 21:47:48 INFO  Main:11 - Start Main class
2015-06-01 21:48:26 INFO  Main:11 - Start Main class
2015-06-01 21:48:52 INFO  Main:11 - Start Main class
2015-06-01 21:51:09 INFO  Main:11 - Start Main class
2015-06-01 21:53:08 INFO  Main:11 - Start Main class
2015-06-01 21:53:42 INFO  Main:11 - Start Main class
2015-06-01 21:54:00 INFO  Main:11 - Start Main class
2015-06-01 21:54:29 INFO  Main:11 - Start Main class
2015-06-01 21:54:50 INFO  Main:11 - Start Main class
2015-06-01 21:55:29 INFO  Main:11 - Start Main class
2015-06-01 21:55:43 INFO  Main:11 - Start Main class
2015-06-01 21:56:34 INFO  Main:11 - Start Main class
2015-06-01 21:56:51 INFO  Main:11 - Start Main class
2015-06-01 21:58:02 INFO  Main:11 - Start Main class
2015-06-01 22:00:08 INFO  Main:11 - Start Main class
2015-06-01 22:04:50 INFO  Main:11 - Start Main class
2015-06-01 22:11:19 INFO  Main:12 - Start Main class
2015-06-01 22:11:19 INFO  Main:27 - Create main menu of game
2015-06-01 22:11:19 INFO  Main:20 - Create panel with background "img/snake-300x288.jpg"
2015-06-01 22:14:26 INFO  Main:12 - Start Main class
2015-06-01 22:14:26 INFO  Main:27 - Create main menu of game
2015-06-01 22:14:26 INFO  Main:20 - Create panel with background "img/snake-300x288.jpg"
2015-06-01 22:14:26 INFO  Main:31 - Selected background "snake-300x288.jpg"
2015-06-01 22:22:06 INFO  Main:12 - Start Main class
2015-06-01 22:22:06 INFO  Main:25 - Create main menu of game
2015-06-01 22:22:06 INFO  Main:20 - Create panel with background "img/snake-300x288.jpg"
2015-06-01 22:22:06 INFO  Main:29 - Selected background "snake-300x288.jpg"
2015-06-01 22:22:15 INFO  Main:12 - Start Main class
2015-06-01 22:22:15 INFO  Main:25 - Create main menu of game
2015-06-01 22:22:15 INFO  Main:20 - Create panel with background "img/snake-300x288.jpg"
2015-06-01 22:22:15 INFO  Main:29 - Selected background "snake-300x288.jpg"
2015-06-01 22:22:56 INFO  Main:12 - Start Main class
2015-06-01 22:22:56 INFO  Main:25 - Create main menu of game
2015-06-01 22:22:56 INFO  Main:20 - Create panel with background "img/snake-300x288.jpg"
2015-06-01 22:22:56 INFO  Main:29 - Selected background "snake-300x288.jpg"
2015-06-01 22:34:46 INFO  Main:12 - Start Main class
2015-06-01 22:34:47 INFO  Main:25 - Create main menu of game
2015-06-01 22:34:47 INFO  Main:20 - Create panel with background "img/snake-300x288.jpg"
2015-06-01 22:34:47 INFO  Main:29 - Selected background "snake-300x288.jpg"
2015-06-01 22:43:07 INFO  Main:12 - Start Main class
2015-06-01 22:43:07 INFO  MainMenu:24 - Create main menu of game
2015-06-01 22:43:07 INFO  BackgroundPanel:19 - Create panel with background "img/snake-300x288.jpg"
2015-06-01 22:43:07 INFO  MainMenu:28 - Selected background "snake-300x288.jpg"
2015-06-01 22:58:58 INFO  Main:12 - Start Main class
2015-06-01 22:58:58 INFO  MainMenu:24 - Create main menu of game
2015-06-01 22:58:58 INFO  BackgroundPanel:19 - Create panel with background "img/snake-300x288.jpg"
2015-06-01 22:58:59 INFO  MainMenu:28 - Selected background "snake-300x288.jpg"
2015-06-01 22:59:21 INFO  Main:12 - Start Main class
2015-06-01 22:59:21 INFO  MainMenu:24 - Create main menu of game
2015-06-01 22:59:21 INFO  BackgroundPanel:19 - Create panel with background "img/snake-300x288.jpg"
2015-06-01 22:59:21 INFO  MainMenu:28 - Selected background "snake-300x288.jpg"
2015-06-01 23:09:57 INFO  Main:12 - Start Main class
2015-06-01 23:09:57 INFO  MainMenu:24 - Create main menu of game
2015-06-01 23:09:57 INFO  BackgroundPanel:19 - Create panel with background "img/snake-300x288.jpg"
2015-06-01 23:09:57 INFO  MainMenu:28 - Selected background "snake-300x288.jpg"
2015-06-01 23:10:31 INFO  Main:12 - Start Main class
2015-06-01 23:10:31 INFO  MainMenu:24 - Create main menu of game
2015-06-01 23:10:31 INFO  BackgroundPanel:19 - Create panel with background "img/snake-300x288.jpg"
2015-06-01 23:10:31 INFO  MainMenu:28 - Selected background "snake-300x288.jpg"
2015-06-01 23:11:40 INFO  Main:12 - Start Main class
2015-06-01 23:11:40 INFO  MainMenu:24 - Create main menu of game
2015-06-01 23:11:40 INFO  BackgroundPanel:19 - Create panel with background "img/snake-300x288.jpg"
2015-06-01 23:11:40 INFO  MainMenu:28 - Selected background "snake-300x288.jpg"
2015-06-02 00:24:03 INFO  Main:12 - Start Main class
2015-06-02 00:24:04 INFO  MainMenu:24 - Create main menu of game
2015-06-02 00:24:04 INFO  BackgroundPanel:19 - Create panel with background "img/snake-300x288.jpg"
2015-06-02 00:24:04 INFO  MainMenu:28 - Selected background "snake-300x288.jpg"
2015-06-02 00:24:21 INFO  Main:12 - Start Main class
2015-06-02 00:24:22 INFO  MainMenu:24 - Create main menu of game
2015-06-02 00:24:22 INFO  BackgroundPanel:19 - Create panel with background "img/snake-300x288.jpg"
2015-06-02 00:24:22 INFO  MainMenu:28 - Selected background "snake-300x288.jpg"
2015-06-02 00:25:35 INFO  Main:12 - Start Main class
2015-06-02 00:25:35 INFO  MainMenu:24 - Create main menu of game
2015-06-02 00:25:35 INFO  BackgroundPanel:19 - Create panel with background "img/snake-300x288.jpg"
2015-06-02 00:25:35 INFO  MainMenu:28 - Selected background "snake-300x288.jpg"
2015-06-02 00:26:23 INFO  Main:12 - Start Main class
2015-06-02 00:26:23 INFO  MainMenu:24 - Create main menu of game
2015-06-02 00:26:23 INFO  BackgroundPanel:19 - Create panel with background "img/snake-300x288.jpg"
2015-06-02 00:26:23 INFO  MainMenu:28 - Selected background "snake-300x288.jpg"
2015-06-02 00:26:24 INFO  Game:17 - Start game
2015-06-02 00:30:14 INFO  Main:12 - Start Main class
2015-06-02 00:30:14 INFO  MainMenu:24 - Create main menu of game
2015-06-02 00:30:14 INFO  BackgroundPanel:19 - Create panel with background "img/snake-300x288.jpg"
2015-06-02 00:30:14 INFO  MainMenu:28 - Selected background "snake-300x288.jpg"
2015-06-02 00:30:15 INFO  Game:17 - Run game
2015-06-02 00:30:16 INFO  SnakeGame:37 - Load level "sn1.dat"
2015-06-02 00:31:02 INFO  Main:12 - Start Main class
2015-06-02 00:31:02 INFO  MainMenu:24 - Create main menu of game
2015-06-02 00:31:02 INFO  BackgroundPanel:19 - Create panel with background "img/snake-300x288.jpg"
2015-06-02 00:31:02 INFO  MainMenu:28 - Selected background "snake-300x288.jpg"
2015-06-02 00:31:03 INFO  Game:17 - Run game
2015-06-02 00:31:04 INFO  SnakeGame:37 - Load level "sn1.dat"
2015-06-02 00:31:36 INFO  Main:12 - Start Main class
2015-06-02 00:31:36 INFO  MainMenu:24 - Create main menu of game
2015-06-02 00:31:36 INFO  BackgroundPanel:19 - Create panel with background "img/snake-300x288.jpg"
2015-06-02 00:31:36 INFO  MainMenu:28 - Selected background "snake-300x288.jpg"
2015-06-02 00:31:37 INFO  Game:17 - Run game
2015-06-02 00:31:38 INFO  SnakeGame:37 - Load level "sn1.dat"
2015-06-02 00:31:53 INFO  Main:12 - Start Main class
2015-06-02 00:31:53 INFO  MainMenu:24 - Create main menu of game
2015-06-02 00:31:53 INFO  BackgroundPanel:19 - Create panel with background "img/snake-300x288.jpg"
2015-06-02 00:31:53 INFO  MainMenu:28 - Selected background "snake-300x288.jpg"
2015-06-02 00:31:55 INFO  Game:17 - Run game
2015-06-02 00:31:55 INFO  SnakeGame:37 - Load level "sn1.dat"
2015-06-02 00:32:18 INFO  Main:12 - Start Main class
2015-06-02 00:32:18 INFO  MainMenu:24 - Create main menu of game
2015-06-02 00:32:18 INFO  BackgroundPanel:19 - Create panel with background "img/snake-300x288.jpg"
2015-06-02 00:32:18 INFO  MainMenu:28 - Selected background "snake-300x288.jpg"
2015-06-02 00:32:19 INFO  Game:17 - Run game
2015-06-02 00:32:20 INFO  SnakeGame:37 - Load level "sn1.dat"
2015-06-02 00:35:01 INFO  Main:12 - Start Main class
2015-06-02 00:35:01 INFO  MainMenu:24 - Create main menu of game
2015-06-02 00:35:01 INFO  BackgroundPanel:19 - Create panel with background "img/snake-300x288.jpg"
2015-06-02 00:35:01 INFO  MainMenu:28 - Selected background "snake-300x288.jpg"
2015-06-02 00:35:03 INFO  Game:17 - Run game
2015-06-02 00:35:03 INFO  SnakeGame:37 - Load level "sn1.dat"
2015-06-02 00:36:18 INFO  Main:12 - Start Main class
2015-06-02 00:36:18 INFO  MainMenu:24 - Create main menu of game
2015-06-02 00:36:18 INFO  BackgroundPanel:19 - Create panel with background "img/snake-300x288.jpg"
2015-06-02 00:36:18 INFO  MainMenu:28 - Selected background "snake-300x288.jpg"
2015-06-02 00:36:20 INFO  Game:17 - Run game
2015-06-02 00:36:20 INFO  SnakeGame:37 - Load level "sn1.dat"
2015-06-02 00:37:28 INFO  Main:12 - Start Main class
2015-06-02 00:37:29 INFO  MainMenu:24 - Create main menu of game
2015-06-02 00:37:29 INFO  BackgroundPanel:19 - Create panel with background "img/snake-300x288.jpg"
2015-06-02 00:37:29 INFO  MainMenu:28 - Selected background "snake-300x288.jpg"
2015-06-02 00:37:30 INFO  Game:17 - Run game
2015-06-02 00:37:30 INFO  SnakeGame:37 - Load level "sn1.dat"
2015-06-02 00:37:46 INFO  Main:12 - Start Main class
2015-06-02 00:37:46 INFO  MainMenu:24 - Create main menu of game
2015-06-02 00:37:46 INFO  BackgroundPanel:19 - Create panel with background "img/snake-300x288.jpg"
2015-06-02 00:37:46 INFO  MainMenu:28 - Selected background "snake-300x288.jpg"
2015-06-02 00:37:47 INFO  Game:17 - Run game
2015-06-02 00:37:48 INFO  SnakeGame:37 - Load level "sn1.dat"
2015-06-02 00:38:23 INFO  Main:12 - Start Main class
2015-06-02 00:38:24 INFO  MainMenu:24 - Create main menu of game
2015-06-02 00:38:24 INFO  BackgroundPanel:19 - Create panel with background "img/snake-300x288.jpg"
2015-06-02 00:38:24 INFO  MainMenu:28 - Selected background "snake-300x288.jpg"
2015-06-02 00:38:25 INFO  Game:17 - Run game
2015-06-02 00:38:25 INFO  SnakeGame:37 - Load level "sn1.dat"
2015-06-02 00:41:59 INFO  Main:12 - Start Main class
2015-06-02 00:42:00 INFO  MainMenu:24 - Create main menu of game
2015-06-02 00:42:00 INFO  BackgroundPanel:19 - Create panel with background "img/snake-300x288.jpg"
2015-06-02 00:42:00 INFO  MainMenu:28 - Selected background "snake-300x288.jpg"
2015-06-02 00:42:02 INFO  Game:17 - Run game
2015-06-02 00:42:02 INFO  SnakeGame:37 - Load level "sn1.dat"
2015-06-02 00:43:14 INFO  Main:12 - Start Main class
2015-06-02 00:43:14 INFO  MainMenu:24 - Create main menu of game
2015-06-02 00:43:14 INFO  BackgroundPanel:19 - Create panel with background "img/snake-300x288.jpg"
2015-06-02 00:43:14 INFO  MainMenu:28 - Selected background "snake-300x288.jpg"
2015-06-02 00:43:18 INFO  Game:17 - Run game
2015-06-02 00:43:19 INFO  SnakeGame:37 - Load level "sn1.dat"
2015-06-02 00:43:52 INFO  Game:17 - Run game
2015-06-02 00:43:52 INFO  SnakeGame:37 - Load level "sn1.dat"
2015-06-02 00:46:19 INFO  Main:12 - Start Main class
2015-06-02 00:46:20 INFO  MainMenu:24 - Create main menu of game
2015-06-02 00:46:20 INFO  BackgroundPanel:19 - Create panel with background "img/snake-300x288.jpg"
2015-06-02 00:46:20 INFO  MainMenu:28 - Selected background "snake-300x288.jpg"
2015-06-02 00:46:22 INFO  Game:17 - Run game
2015-06-02 00:46:23 INFO  SnakeGame:37 - Load level "sn1.dat"
2015-06-02 00:46:40 INFO  Main:12 - Start Main class
2015-06-02 00:46:41 INFO  MainMenu:24 - Create main menu of game
2015-06-02 00:46:41 INFO  BackgroundPanel:19 - Create panel with background "img/snake-300x288.jpg"
2015-06-02 00:46:41 INFO  MainMenu:28 - Selected background "snake-300x288.jpg"
2015-06-02 00:46:42 INFO  Game:17 - Run game
2015-06-02 00:46:43 INFO  SnakeGame:37 - Load level "sn1.dat"
2015-06-02 00:49:14 INFO  Main:12 - Start Main class
2015-06-02 00:49:14 INFO  MainMenu:24 - Create main menu of game
2015-06-02 00:49:14 INFO  BackgroundPanel:19 - Create panel with background "img/snake-300x288.jpg"
2015-06-02 00:49:14 INFO  MainMenu:28 - Selected background "snake-300x288.jpg"
2015-06-02 00:52:05 INFO  Main:12 - Start Main class
2015-06-02 00:52:06 INFO  MainMenu:24 - Create main menu of game
2015-06-02 00:52:06 INFO  BackgroundPanel:19 - Create panel with background "img/snake-300x288.jpg"
2015-06-02 00:52:06 INFO  MainMenu:28 - Selected background "snake-300x288.jpg"
2015-06-02 00:55:43 INFO  Main:12 - Start Main class
2015-06-02 00:55:43 INFO  MainMenu:24 - Create main menu of game
2015-06-02 00:55:43 INFO  BackgroundPanel:19 - Create panel with background "img/snake-300x288.jpg"
2015-06-02 00:55:43 INFO  MainMenu:28 - Selected background "snake-300x288.jpg"
2015-06-02 00:55:44 INFO  Game:17 - Run game
2015-06-02 00:55:45 INFO  SnakeGame:37 - Load level "sn1.dat"
2015-06-02 00:58:40 INFO  Main:12 - Start Main class
2015-06-02 00:58:40 INFO  MainMenu:24 - Create main menu of game
2015-06-02 00:58:40 INFO  BackgroundPanel:19 - Create panel with background "img/snake-300x288.jpg"
2015-06-02 00:58:40 INFO  MainMenu:28 - Selected background "snake-300x288.jpg"
2015-06-02 00:58:41 INFO  Game:17 - Run game
2015-06-02 00:58:42 INFO  SnakeGame:37 - Load level "sn1.dat"
2015-06-02 00:58:58 INFO  Main:12 - Start Main class
2015-06-02 00:58:58 INFO  MainMenu:24 - Create main menu of game
2015-06-02 00:58:58 INFO  BackgroundPanel:19 - Create panel with background "img/snake-300x288.jpg"
2015-06-02 00:58:58 INFO  MainMenu:28 - Selected background "snake-300x288.jpg"
2015-06-02 00:58:59 INFO  Game:17 - Run game
2015-06-02 00:59:00 INFO  SnakeGame:37 - Load level "sn1.dat"
2015-06-02 00:59:19 INFO  Main:12 - Start Main class
2015-06-02 00:59:19 INFO  MainMenu:24 - Create main menu of game
2015-06-02 00:59:19 INFO  BackgroundPanel:19 - Create panel with background "img/snake-300x288.jpg"
2015-06-02 00:59:19 INFO  MainMenu:28 - Selected background "snake-300x288.jpg"
2015-06-02 00:59:20 INFO  Game:17 - Run game
2015-06-02 00:59:21 INFO  SnakeGame:37 - Load level "sn1.dat"
2015-06-02 00:59:43 INFO  Main:12 - Start Main class
2015-06-02 00:59:44 INFO  MainMenu:24 - Create main menu of game
2015-06-02 00:59:44 INFO  BackgroundPanel:19 - Create panel with background "img/snake-300x288.jpg"
2015-06-02 00:59:44 INFO  MainMenu:28 - Selected background "snake-300x288.jpg"
2015-06-02 00:59:45 INFO  Game:17 - Run game
2015-06-02 00:59:45 INFO  SnakeGame:37 - Load level "sn1.dat"
2015-06-02 01:00:00 INFO  Main:12 - Start Main class
2015-06-02 01:00:00 INFO  MainMenu:24 - Create main menu of game
2015-06-02 01:00:00 INFO  BackgroundPanel:19 - Create panel with background "img/snake-300x288.jpg"
2015-06-02 01:00:00 INFO  MainMenu:28 - Selected background "snake-300x288.jpg"
2015-06-02 01:00:01 INFO  Game:17 - Run game
2015-06-02 01:00:01 INFO  SnakeGame:37 - Load level "sn1.dat"
2015-06-02 01:00:27 INFO  Main:12 - Start Main class
2015-06-02 01:00:28 INFO  MainMenu:24 - Create main menu of game
2015-06-02 01:00:28 INFO  BackgroundPanel:19 - Create panel with background "img/snake-300x288.jpg"
2015-06-02 01:00:28 INFO  MainMenu:28 - Selected background "snake-300x288.jpg"
2015-06-02 01:00:28 INFO  Game:17 - Run game
2015-06-02 01:00:29 INFO  SnakeGame:37 - Load level "sn1.dat"
2015-06-02 01:04:38 INFO  Main:12 - Start Main class
2015-06-02 01:04:38 INFO  MainMenu:24 - Create main menu of game
2015-06-02 01:04:38 INFO  BackgroundPanel:19 - Create panel with background "img/snake-300x288.jpg"
2015-06-02 01:04:38 INFO  MainMenu:28 - Selected background "snake-300x288.jpg"
2015-06-02 01:04:39 INFO  Game:17 - Run game
2015-06-02 01:04:40 INFO  SnakeGame:37 - Load level "sn1.dat"
2015-06-02 01:05:18 INFO  Main:12 - Start Main class
2015-06-02 01:05:18 INFO  MainMenu:24 - Create main menu of game
2015-06-02 01:05:18 INFO  BackgroundPanel:19 - Create panel with background "img/snake-300x288.jpg"
2015-06-02 01:05:18 INFO  MainMenu:28 - Selected background "snake-300x288.jpg"
2015-06-02 01:05:20 INFO  Game:17 - Run game
2015-06-02 01:05:20 INFO  SnakeGame:37 - Load level "sn1.dat"
2015-06-02 01:05:27 INFO  Main:12 - Start Main class
2015-06-02 01:05:28 INFO  MainMenu:24 - Create main menu of game
2015-06-02 01:05:28 INFO  BackgroundPanel:19 - Create panel with background "img/snake-300x288.jpg"
2015-06-02 01:05:28 INFO  MainMenu:28 - Selected background "snake-300x288.jpg"
2015-06-02 01:05:29 INFO  Game:17 - Run game
2015-06-02 01:05:30 INFO  SnakeGame:37 - Load level "sn1.dat"
2015-06-02 01:05:38 INFO  Game:17 - Run game
2015-06-02 01:05:38 INFO  SnakeGame:37 - Load level "sn1.dat"
2015-06-02 01:05:50 INFO  Main:12 - Start Main class
2015-06-02 01:05:50 INFO  MainMenu:24 - Create main menu of game
2015-06-02 01:05:50 INFO  BackgroundPanel:19 - Create panel with background "img/snake-300x288.jpg"
2015-06-02 01:05:50 INFO  MainMenu:28 - Selected background "snake-300x288.jpg"
2015-06-02 01:05:51 INFO  Game:17 - Run game
2015-06-02 01:05:52 INFO  SnakeGame:37 - Load level "sn1.dat"
2015-06-02 01:11:35 INFO  Main:12 - Start Main class
2015-06-02 01:11:35 INFO  MainMenu:24 - Create main menu of game
2015-06-02 01:11:35 INFO  BackgroundPanel:19 - Create panel with background "img/snake-300x288.jpg"
2015-06-02 01:11:35 INFO  MainMenu:28 - Selected background "snake-300x288.jpg"
2015-06-02 01:11:36 INFO  Game:17 - Run game
2015-06-02 01:11:37 INFO  SnakeGame:38 - Load level "sn1.dat"
2015-06-02 01:11:54 INFO  Main:12 - Start Main class
2015-06-02 01:11:54 INFO  MainMenu:24 - Create main menu of game
2015-06-02 01:11:54 INFO  BackgroundPanel:19 - Create panel with background "img/snake-300x288.jpg"
2015-06-02 01:11:54 INFO  MainMenu:28 - Selected background "snake-300x288.jpg"
2015-06-02 01:11:55 INFO  Game:17 - Run game
2015-06-02 01:11:56 INFO  SnakeGame:38 - Load level "sn1.dat"
2015-06-02 01:13:28 INFO  Main:12 - Start Main class
2015-06-02 01:13:28 INFO  MainMenu:24 - Create main menu of game
2015-06-02 01:13:28 INFO  BackgroundPanel:19 - Create panel with background "img/snake-300x288.jpg"
2015-06-02 01:13:28 INFO  MainMenu:28 - Selected background "snake-300x288.jpg"
2015-06-02 01:13:30 INFO  Game:17 - Run game
2015-06-02 01:13:30 INFO  SnakeGame:38 - Load level "sn1.dat"
2015-06-02 01:14:15 INFO  Main:12 - Start Main class
2015-06-02 01:14:16 INFO  MainMenu:24 - Create main menu of game
2015-06-02 01:14:16 INFO  BackgroundPanel:19 - Create panel with background "img/snake-300x288.jpg"
2015-06-02 01:14:16 INFO  MainMenu:28 - Selected background "snake-300x288.jpg"
2015-06-02 01:14:17 INFO  Game:17 - Run game
2015-06-02 01:14:18 INFO  SnakeGame:38 - Load level "sn1.dat"
2015-06-02 01:20:55 INFO  Main:12 - Start Main class
2015-06-02 01:20:55 INFO  MainMenu:24 - Create main menu of game
2015-06-02 01:20:55 INFO  BackgroundPanel:19 - Create panel with background "img/snake-300x288.jpg"
2015-06-02 01:20:55 INFO  MainMenu:28 - Selected background "snake-300x288.jpg"
2015-06-02 01:20:59 INFO  Game:17 - Run game
2015-06-02 01:20:59 INFO  SnakeGame:38 - Load level "sn1.dat"
